오류 타입 : RGSSError
----------
Game_Interpreter --> 1411번 라인, `eval'에서 오류
오류 시간 : 2025-07-27 12:55:43 +0900
----------
오류 메시지 : failed to create bitmap
----------
오류 스택 : 
Game_Interpreter --> 1411번 라인, `eval'에서 오류
frame_test_2 --> 18번 라인, `new'에서 오류
frame_test_2 --> 18번 라인, `initialize'에서 오류
frame_test_2 --> 50번 라인, `new'에서 오류
frame_test_2 --> 50번 라인, `block add_sprites'에서 오류
frame_test_2 --> 49번 라인, `times'에서 오류
frame_test_2 --> 49번 라인, `add_sprites'에서 오류
Game_Interpreter --> 1411번 라인, `eval'에서 오류
Game_Interpreter --> 1411번 라인, `command_355'에서 오류
Game_Interpreter --> 197번 라인, `execute_command'에서 오류
Game_Interpreter --> 103번 라인, `run'에서 오류
Game_Interpreter --> 60번 라인, `block create_fiber'에서 오류
----------
